[2017-04-15 19:25:31] START
[2017-04-15 19:25:55] EDIT RPSOnline/controllers/default.py: 0
[2017-04-15 19:26:20] EDIT RPSOnline/views/default/index.html: -37
[2017-04-15 19:26:33] EDIT RPSOnline/views/default/index.html: 0
[2017-04-24 23:31:10] EDIT RPSOnline/models/db.py: -26
[2017-04-24 23:31:21] EDIT RPSOnline/models/db.py: 0
[2017-04-24 23:32:37] EDIT RPSOnline/controllers/default.py: 3
[2017-04-24 23:33:42] EDIT RPSOnline/controllers/default.py: 0
[2017-04-24 23:34:50] CREATE default/profile.html: 0
[2017-04-24 23:35:06] EDIT RPSOnline/views/default/profile.html: 3
[2017-04-24 23:35:55] EDIT RPSOnline/models/menu.py: -1
[2017-04-24 23:36:18] DELETE RPSOnline/models/menu.py: -120
[2017-04-24 23:37:11] EDIT RPSOnline/views/default/index.html: 0
[2017-04-24 23:37:31] EDIT RPSOnline/views/default/index.html: 1
[2017-04-24 23:37:50] EDIT RPSOnline/views/default/index.html: -2
[2017-04-24 23:38:01] EDIT RPSOnline/views/default/index.html: 2
[2017-04-24 23:38:08] EDIT RPSOnline/views/default/index.html: 0
[2017-04-24 23:38:15] EDIT RPSOnline/views/default/index.html: 0
[2017-04-24 23:39:42] EDIT RPSOnline/views/default/index.html: -1
[2017-04-24 23:39:58] EDIT RPSOnline/views/default/index.html: -1
[2017-04-24 23:43:52] EDIT RPSOnline/controllers/default.py: 4
[2017-04-24 23:45:51] EDIT RPSOnline/controllers/default.py: 0
[2017-04-24 23:46:30] EDIT RPSOnline/controllers/default.py: -3
[2017-04-24 23:47:46] EDIT RPSOnline/controllers/default.py: 0
[2017-04-24 23:48:21] EDIT RPSOnline/models/db.py: 0
[2017-04-24 23:48:46] EDIT RPSOnline/models/db.py: 0
[2017-04-24 23:48:53] EDIT RPSOnline/models/db.py: 0
[2017-04-24 23:49:35] EDIT RPSOnline/views/default/profile.html: 1
[2017-04-24 23:49:48] EDIT RPSOnline/views/default/profile.html: 1
[2017-04-24 23:50:00] EDIT RPSOnline/views/default/profile.html: -3
[2017-04-24 23:50:50] EDIT RPSOnline/views/default/profile.html: -2
[2017-04-24 23:51:00] EDIT RPSOnline/views/default/profile.html: -1
[2017-04-24 23:51:08] EDIT RPSOnline/views/default/profile.html: 3
[2017-04-24 23:51:37] EDIT RPSOnline/models/db.py: 1
[2017-04-24 23:52:01] EDIT RPSOnline/controllers/default.py: 0
[2017-04-24 23:52:07] EDIT RPSOnline/controllers/default.py: 0
[2017-04-24 23:53:52] EDIT RPSOnline/controllers/default.py: 2
[2017-04-24 23:54:38] EDIT RPSOnline/controllers/default.py: 0
[2017-04-24 23:54:54] EDIT RPSOnline/controllers/default.py: 0
[2017-04-24 23:55:26] EDIT RPSOnline/controllers/default.py: 0
[2017-04-24 23:55:28] EDIT RPSOnline/controllers/default.py: 0
[2017-04-24 23:55:42] EDIT RPSOnline/controllers/default.py: 0
[2017-04-25 00:14:57] EDIT RPSOnline/views/default/index.html: 1
[2017-04-25 00:15:35] EDIT RPSOnline/views/default/index.html: 0
[2017-04-25 00:16:31] CREATE default/createProfile.html: 0
[2017-04-25 00:16:51] EDIT RPSOnline/views/default/createProfile.html: 2
[2017-04-25 00:18:09] EDIT RPSOnline/controllers/default.py: 0
[2017-04-25 00:18:31] EDIT RPSOnline/views/default/createProfile.html: 0
[2017-04-25 00:18:34] EDIT RPSOnline/views/default/profile.html: 0
[2017-04-25 00:19:37] EDIT RPSOnline/views/default/createProfile.html: 1
[2017-04-25 18:36:13] EDIT RPSOnline/models/db.py: 0
[2017-04-25 18:36:24] EDIT RPSOnline/models/db.py: 0
[2017-05-15 16:11:11] DELETE RPSOnline/models/menu.py: -121
[2017-05-15 16:17:41] EDIT RPSOnline/views/default/createProfile.html: 2
[2017-05-15 16:18:35] EDIT RPSOnline/views/default/createProfile.html: -1
[2017-05-15 16:18:46] EDIT RPSOnline/views/default/createProfile.html: 1
[2017-05-15 16:19:04] EDIT RPSOnline/views/default/createProfile.html: -2
[2017-05-15 16:19:09] EDIT RPSOnline/views/default/createProfile.html: 1
[2017-05-15 16:21:30] UPLOAD C:/Users/Justice/desktop/cs115-main/cs115-project/web2py/applications/RPSOnline/static/arc.js: 85
[2017-05-15 16:21:49] DELETE RPSOnline/static/arc.js: -85
[2017-05-15 16:22:09] UPLOAD C:/Users/Justice/desktop/cs115-main/cs115-project/web2py/applications/RPSOnline/static/js/arc.js: 85
[2017-05-15 16:22:26] UPLOAD C:/Users/Justice/desktop/cs115-main/cs115-project/web2py/applications/RPSOnline/static/js/squares.js: 259
[2017-05-15 16:23:46] UPLOAD C:/Users/Justice/desktop/cs115-main/cs115-project/web2py/applications/RPSOnline/static/arc.html: 16
[2017-05-15 16:29:55] DELETE RPSOnline/static/arc.html: -16
[2017-05-15 16:35:39] EDIT RPSOnline/views/layout.html: 1
[2017-05-15 16:38:46] CREATE default/play.html: 0
[2017-05-15 16:41:22] EDIT RPSOnline/views/default/play.html: 0
[2017-05-15 16:41:40] EDIT RPSOnline/views/default/play.html: 3
[2017-05-15 16:43:08] EDIT RPSOnline/controllers/default.py: 2
[2017-05-15 16:44:46] EDIT RPSOnline/views/default/play.html: 1
[2017-05-15 16:46:30] EDIT RPSOnline/views/default/play.html: 0
[2017-05-15 16:47:27] CREATE d3.js: 0
[2017-05-15 16:47:34] EDIT RPSOnline/static/d3.js: 1
[2017-05-15 16:48:09] DELETE RPSOnline/static/d3.js: -1
[2017-05-15 16:48:12] DELETE RPSOnline/static/d3.js.bak: 0
[2017-05-15 16:49:11] EDIT RPSOnline/views/default/play.html: 0
[2017-05-15 16:49:35] EDIT RPSOnline/views/default/play.html: 0
[2017-05-15 16:50:58] EDIT RPSOnline/views/default/play.html: 0
[2017-05-15 16:51:26] EDIT RPSOnline/views/default/play.html: 0
[2017-05-15 16:51:59] EDIT RPSOnline/views/default/play.html: -1
[2017-05-15 16:53:01] EDIT RPSOnline/views/default/play.html: 1
[2017-05-15 16:53:52] EDIT RPSOnline/views/default/play.html: -5
[2017-05-15 17:02:00] EDIT RPSOnline/views/layout.html: -1
[2017-05-15 17:05:04] CREATE js/d3.v3.js: 0
[2017-05-15 17:05:14] EDIT RPSOnline/static/js/d3.v3.js: 8576
[2017-05-15 17:06:39] CREATE js/d3.v3.min.js: 0
[2017-05-15 17:06:49] EDIT RPSOnline/static/js/d3.v3.js: 0
[2017-05-15 17:07:06] EDIT RPSOnline/static/js/d3.v3.min.js: 5
[2017-05-15 17:10:34] EDIT RPSOnline/views/default/play.html: 1
[2017-05-15 17:11:26] EDIT RPSOnline/views/default/play.html: 4
[2017-05-15 17:11:33] EDIT RPSOnline/views/default/play.html: 0
[2017-05-15 17:15:52] EDIT RPSOnline/views/default/play.html: 254
[2017-05-15 18:09:15] EDIT RPSOnline/views/default/index.html: 1
[2017-05-15 18:10:04] EDIT RPSOnline/views/default/index.html: 0
[2017-05-15 18:12:33] EDIT RPSOnline/controllers/default.py: 2
[2017-05-15 18:14:54] EDIT RPSOnline/views/default/profile.html: 9
[2017-05-15 18:15:21] EDIT RPSOnline/views/default/profile.html: 0
[2017-05-15 18:16:10] EDIT RPSOnline/views/default/profile.html: 0
[2017-05-15 18:16:12] EDIT RPSOnline/views/default/profile.html: 0
[2017-05-15 18:17:35] EDIT RPSOnline/views/default/play.html: 9
[2017-05-15 18:18:42] EDIT RPSOnline/views/default/createProfile.html: 9
[2017-05-15 18:20:16] EDIT RPSOnline/views/default/play.html: 1
[2017-05-15 18:20:29] EDIT RPSOnline/views/default/play.html: 0
[2017-05-15 18:45:47] EDIT RPSOnline/models/db.py: 1
[2017-05-15 18:47:10] EDIT RPSOnline/controllers/default.py: -1
[2017-05-15 18:47:53] EDIT RPSOnline/models/db.py: -1
[2017-05-15 18:49:51] EDIT RPSOnline/controllers/default.py: 7
[2017-05-15 18:49:56] EDIT RPSOnline/controllers/default.py: 0
[2017-05-15 18:50:10] EDIT RPSOnline/controllers/default.py: 0
[2017-05-15 18:54:10] EDIT RPSOnline/controllers/default.py: 0
[2017-05-15 18:54:34] EDIT RPSOnline/controllers/default.py: 0
[2017-05-15 18:54:52] EDIT RPSOnline/controllers/default.py: -1
[2017-05-15 18:55:25] EDIT RPSOnline/controllers/default.py: 1
[2017-05-15 18:55:44] EDIT RPSOnline/controllers/default.py: 0
[2017-05-15 18:57:36] EDIT RPSOnline/views/default/createProfile.html: 0
[2017-05-18 18:47:24] EDIT RPSOnline/views/default/index.html: 20
[2017-05-18 18:47:43] EDIT RPSOnline/views/default/index.html: 0
[2017-05-18 18:48:00] EDIT RPSOnline/views/default/index.html: 0
[2017-05-18 18:48:29] EDIT RPSOnline/views/default/index.html: 0
[2017-05-18 18:49:15] EDIT RPSOnline/views/default/index.html: 0
[2017-05-18 18:49:30] EDIT RPSOnline/views/default/index.html: 0
[2017-05-18 18:53:04] EDIT RPSOnline/views/default/createProfile.html: 16
[2017-05-18 18:55:23] EDIT RPSOnline/views/default/play.html: 16
[2017-05-18 18:55:46] EDIT RPSOnline/views/default/play.html: 0
[2017-05-18 19:00:31] EDIT RPSOnline/views/default/createProfile.html: -9
[2017-05-18 19:00:53] EDIT RPSOnline/views/default/profile.html: -9
[2017-05-18 19:00:58] EDIT RPSOnline/views/default/play.html: -9
[2017-05-18 19:01:04] EDIT RPSOnline/views/default/index.html: -9
[2017-05-18 19:01:07] EDIT RPSOnline/views/default/createProfile.html: 0
[2017-05-18 19:01:09] EDIT RPSOnline/views/default/user.html: 0
[2017-05-18 19:02:03] EDIT RPSOnline/models/db.py: -3
[2017-05-18 19:03:00] EDIT RPSOnline/views/default/index.html: -1
