timestamp: 2017-04-15T19:25:37.763000
CREATE TABLE auth_user(
    id INTEGER PRIMARY KEY AUTOINCREMENT,
    first_name CHAR(128),
    last_name CHAR(128),
    email CHAR(512),
    password CHAR(512),
    registration_key CHAR(512),
    reset_password_key CHAR(512),
    registration_id CHAR(512)
);
success!
timestamp: 2017-04-15T19:25:37.801000
CREATE TABLE auth_group(
    id INTEGER PRIMARY KEY AUTOINCREMENT,
    role CHAR(512),
    description TEXT
);
success!
timestamp: 2017-04-15T19:25:37.832000
CREATE TABLE auth_membership(
    id INTEGER PRIMARY KEY AUTOINCREMENT,
    user_id INTEGER REFERENCES auth_user (id) ON DELETE CASCADE  ,
    group_id INTEGER REFERENCES auth_group (id) ON DELETE CASCADE  
);
success!
timestamp: 2017-04-15T19:25:37.856000
CREATE TABLE auth_permission(
    id INTEGER PRIMARY KEY AUTOINCREMENT,
    group_id INTEGER REFERENCES auth_group (id) ON DELETE CASCADE  ,
    name CHAR(512),
    table_name CHAR(512),
    record_id INTEGER
);
success!
timestamp: 2017-04-15T19:25:37.877000
CREATE TABLE auth_event(
    id INTEGER PRIMARY KEY AUTOINCREMENT,
    time_stamp TIMESTAMP,
    client_ip CHAR(512),
    user_id INTEGER REFERENCES auth_user (id) ON DELETE CASCADE  ,
    origin CHAR(512),
    description TEXT
);
success!
timestamp: 2017-04-15T19:25:37.898000
CREATE TABLE auth_cas(
    id INTEGER PRIMARY KEY AUTOINCREMENT,
    user_id INTEGER REFERENCES auth_user (id) ON DELETE CASCADE  ,
    created_on TIMESTAMP,
    service CHAR(512),
    ticket CHAR(512),
    renew CHAR(1)
);
success!
timestamp: 2017-04-24T23:31:26.364000
CREATE TABLE profile(
    id INTEGER PRIMARY KEY AUTOINCREMENT,
    user_id INTEGER REFERENCES auth_user (id) ON DELETE CASCADE  ,
    username CHAR(512),
    pic CHAR(512),
    RPS CHAR(512),
    body TEXT,
    created_on TIMESTAMP
);
success!
DELETE FROM profile;
DELETE FROM sqlite_sequence WHERE name='profile';
success!
timestamp: 2017-05-18T19:02:11.891000
ALTER TABLE auth_user ADD username CHAR(512);
timestamp: 2017-05-18T19:02:11.916000
ALTER TABLE auth_user ADD body TEXT;
timestamp: 2017-05-18T19:02:11.944000
ALTER TABLE auth_user ADD rps CHAR(512);
timestamp: 2017-05-18T19:02:11.962000
ALTER TABLE auth_user ADD pic CHAR(512);
timestamp: 2017-05-18T19:02:11.996000
ALTER TABLE auth_user ADD created_on TIMESTAMP;
success!
success!
success!
success!
success!
success!
success!
success!
success!
success!
success!
success!
success!
success!
success!
success!
success!
success!
success!
success!
success!
